<?xml version="1.0" encoding="utf-8"?><testsuites name="pytest tests"><testsuite name="pytest" errors="0" failures="0" skipped="0" tests="12" time="23.330" timestamp="2026-08-25T06:40:47.072597+00:00" hostname="agent-env-991bc692-710e-4592-8210-8ad2f93c2bd1"><testcase classname="tests.test_iteration3_regression.TestSyntheticRegression" name="test_geometry_available" time="0.215" /><testcase classname="tests.test_iteration3_regression.TestSyntheticRegression" name="test_ground_floor_block_non_degenerate" time="0.000" /><testcase classname="tests.test_iteration3_regression.TestSyntheticRegression" name="test_no_degenerate_bbox_on_floor_blocks" time="0.000" /><testcase classname="tests.test_iteration3_regression.TestSyntheticRegression" name="test_placement_available_with_tight_block" time="0.132" /><testcase classname="tests.test_iteration3_regression.TestDigigovEndToEnd" name="test_extract_and_clean_type3" time="11.161" /><testcase classname="tests.test_iteration3_regression.TestDigigovEndToEnd" name="test_placement" time="0.323" /><testcase classname="tests.test_iteration3_regression.TestFloorPageSelection" name="test_kasturba_has_floor_block_with_geometry" time="1.895" /><testcase classname="tests.test_iteration3_regression.TestFloorPageSelection" name="test_almakka_non_degenerate_floor_block" time="9.313" /><testcase classname="tests.test_iteration3_regression.TestFloorPageSelection" name="test_almakka_unit_ft_and_nts" time="0.000" /><testcase classname="tests.test_iteration3_regression.TestCoreNoRegression" name="test_occupancies" time="0.048" /><testcase classname="tests.test_iteration3_regression.TestCoreNoRegression" name="test_analyze_mixed" time="0.047" /><testcase classname="tests.test_iteration3_regression.TestCoreNoRegression" name="test_compliance_pdf" time="0.120" /></testsuite></testsuites>