<?xml version="1.0" encoding="utf-8"?><testsuites name="pytest tests"><testsuite name="pytest" errors="0" failures="0" skipped="0" tests="19" time="50.254" timestamp="2026-08-25T06:44:48.574343+00:00" hostname="agent-env-991bc692-710e-4592-8210-8ad2f93c2bd1"><testcase classname="tests.test_real_plans.TestRealExtractionAll" name="test_returns_200_vector_text[kasturba.pdf]" time="49.909" /><testcase classname="tests.test_real_plans.TestRealExtractionAll" name="test_returns_200_vector_text[sot.pdf]" time="0.000" /><testcase classname="tests.test_real_plans.TestRealExtractionAll" name="test_returns_200_vector_text[digigov.pdf]" time="0.000" /><testcase classname="tests.test_real_plans.TestRealExtractionAll" name="test_returns_200_vector_text[almakka.pdf]" time="0.000" /><testcase classname="tests.test_real_plans.TestRealExtractionAll" name="test_returns_200_vector_text[hotel.pdf]" time="0.000" /><testcase classname="tests.test_real_plans.TestDigigov" name="test_tables_found_all_true" time="0.000" /><testcase classname="tests.test_real_plans.TestDigigov" name="test_plan_reference_clean" time="0.000" /><testcase classname="tests.test_real_plans.TestDigigov" name="test_prefill_values" time="0.000" /><testcase classname="tests.test_real_plans.TestDigigov" name="test_blocks_scale_note" time="0.000" /><testcase classname="tests.test_real_plans.TestAlmakka" name="test_feet_unit_and_dimension_only" time="0.000" /><testcase classname="tests.test_real_plans.TestNtsFiles" name="test_nts_and_calibration[kasturba.pdf]" time="0.000" /><testcase classname="tests.test_real_plans.TestNtsFiles" name="test_nts_and_calibration[sot.pdf]" time="0.000" /><testcase classname="tests.test_real_plans.TestNtsFiles" name="test_nts_and_calibration[hotel.pdf]" time="0.000" /><testcase classname="tests.test_real_plans.TestRealPlacement" name="test_available" time="0.266" /><testcase classname="tests.test_real_plans.TestRealPlacement" name="test_placement_is_fast" time="0.000" /><testcase classname="tests.test_real_plans.TestRealPlacement" name="test_block_bbox_is_tight_subregion" time="0.000" /><testcase classname="tests.test_real_plans.TestRealPlacement" name="test_sprinkler_marker_cap" time="0.000" /><testcase classname="tests.test_real_plans.TestRealPlacement" name="test_overlay_note" time="0.000" /><testcase classname="tests.test_real_plans.TestRealPlacement" name="test_side_table_and_legend" time="0.000" /></testsuite></testsuites>